Flutter crash report; please file at https://github.com/flutter/flutter/issues.

## command

flutter build apk

## exception

ProcessException: No such file or directory
  Command: /home/aolose/software/flutter/bin/cache/artifacts/engine/android-arm-release/linux-x64/gen_snapshot --vm_isolate_snapshot=build/aot/snapshot_aot_vmisolate --isolate_snapshot=build/aot/snapshot_aot_isolate --packages=.packages --url_mapping=dart:mojo.internal,/home/aolose/.pub-cache/hosted/pub.dartlang.org/mojo-0.4.27/sdk_ext/internal.dart --url_mapping=dart:ui,../../software/flutter/bin/cache/pkg/sky_engine/dart_ui/ui.dart --url_mapping=dart:jni,../../software/flutter/bin/cache/pkg/sky_engine/dart_jni/jni.dart --url_mapping=dart:vmservice_sky,../../software/flutter/bin/cache/pkg/sky_engine/sdk_ext/vmservice_io.dart --embedder_entry_points_manifest=/home/aolose/software/flutter/bin/cache/artifacts/engine/android-arm-release/dart_vm_entry_points.txt --embedder_entry_points_manifest=/home/aolose/software/flutter/bin/cache/artifacts/engine/android-arm-release/dart_io_entries.txt --rodata_blob=build/aot/snapshot_aot_rodata --instructions_blob=build/aot/snapshot_aot_instr --embedder_entry_points_manifest=/home/aolose/software/flutter/bin/cache/artifacts/engine/android-arm-release/dart_vm_entry_points_android.txt --no-sim-use-hardfp /home/aolose/Project/app01/lib/main.dart

```
dart:io                                                           Process.run
package:flutter_tools/src/base/process.dart 108                   runAsync.<async>
===== asynchronous gap ===========================
dart:async                                                        Future.Future.microtask
package:flutter_tools/src/base/process.dart                       runAsync
package:flutter_tools/src/commands/build_aot.dart 260             _buildAotSnapshot.<async>
===== asynchronous gap ===========================
dart:async                                                        Future.Future.microtask
package:flutter_tools/src/commands/build_aot.dart                 _buildAotSnapshot
package:flutter_tools/src/commands/build_aot.dart 88              buildAotSnapshot.<async>
===== asynchronous gap ===========================
dart:async                                                        Future.Future.microtask
package:flutter_tools/src/commands/build_aot.dart                 buildAotSnapshot
package:flutter_tools/src/commands/build_apk.dart 556             buildAndroid.<async>
dart:async                                                        _SyncCompleter.complete
package:flutter_tools/src/flx.dart 66                             buildFlx.<async>
dart:async                                                        _SyncCompleter.complete
package:flutter_tools/src/flx.dart 156                            assemble.<async>
dart:async                                                        _SyncCompleter.complete
package:flutter_tools/src/asset.dart 144                          AssetBundle.build.<async>
dart:async                                                        _SyncCompleter.complete
package:flutter_tools/src/asset.dart 290                          _obtainLicenses.<async>
===== asynchronous gap ===========================
dart:async                                                        _asyncThenWrapperHelper
package:flutter_tools/src/commands/build_apk.dart                 buildAndroid
package:flutter_tools/src/commands/build_apk.dart 244             BuildApkCommand.runCommand.<async>
dart:async                                                        _SyncCompleter.complete
package:flutter_tools/src/commands/build.dart 72                  BuildSubCommand.runCommand.<async>
===== asynchronous gap ===========================
dart:async                                                        _asyncThenWrapperHelper
package:flutter_tools/src/commands/build_apk.dart                 BuildApkCommand.runCommand
package:flutter_tools/src/runner/flutter_command.dart 150         FlutterCommand.verifyThenRunCommand.<async>
dart:async                                                        _SyncCompleter.complete
package:flutter_tools/src/dart/pub.dart 61                        pubGet.<async>
===== asynchronous gap ===========================
dart:async                                                        _asyncThenWrapperHelper
package:flutter_tools/src/runner/flutter_command.dart             FlutterCommand.verifyThenRunCommand
package:flutter_tools/src/commands/build.dart 51                  BuildSubCommand.verifyThenRunCommand.<async>
===== asynchronous gap ===========================
dart:async                                                        Future.Future.microtask
package:flutter_tools/src/commands/build.dart                     BuildSubCommand.verifyThenRunCommand
package:flutter_tools/src/runner/flutter_command.dart 117         FlutterCommand.run
package:args/command_runner.dart 177                              CommandRunner.runCommand.<fn>
dart:async                                                        Future.Future.sync
package:args/command_runner.dart 130                              CommandRunner.runCommand
package:flutter_tools/src/runner/flutter_command_runner.dart 186  FlutterCommandRunner.runCommand.<async>
dart:async                                                        _SyncCompleter.complete
package:flutter_tools/src/cache.dart 71                           Cache.lock.<async>
===== asynchronous gap ===========================
dart:async                                                        _asyncThenWrapperHelper
package:flutter_tools/src/runner/flutter_command_runner.dart      FlutterCommandRunner.runCommand
package:args/command_runner.dart 104                              CommandRunner.run.<fn>
dart:async                                                        Future.Future.sync
package:args/command_runner.dart 104                              CommandRunner.run
package:flutter_tools/src/runner/flutter_command_runner.dart 132  FlutterCommandRunner.run
package:flutter_tools/executable.dart 97                          main.<async>.<fn>.<async>
===== asynchronous gap ===========================
package:stack_trace                                               Chain.capture
package:flutter_tools/executable.dart 91                          main.<async>
```

## flutter doctor

```
[✓] Flutter (on Linux, channel master)
    • Flutter at /home/aolose/software/flutter
    • Framework revision 54e208e480 (15 小时前), 2016-09-24 18:18:39
    • Engine revision 3551e7a48e
    • Tools Dart version 1.20.0-dev.5.0

[✓] Android toolchain - develop for Android devices (Android SDK 24.0.2)
    • Android SDK at /home/aolose/Android/Sdk/android-sdk-linux
    • Platform android-24, build-tools 24.0.2
    • Java(TM) SE Runtime Environment (build 1.8.0_101-b13)

[✓] Atom - a lightweight development environment for Flutter
    • flutter plugin version 0.2.5
    • dartlang plugin version 0.6.39

[✓] Connected devices
    • None
```
